2024-12-13 01:04:18 [INFO] Файл с базой клиентов: /etc/vcalc.conf
2024-12-13 01:04:18 [INFO] Файл с журналом работы: l.log
2024-12-13 01:04:18 [INFO] Порт: 33333
2024-12-13 01:04:18 [INFO] Запуск сервера на порту 33333
2024-12-13 01:04:24 [CRITICAL] Файл с базой клиентов dfd не найден.
2024-12-13 01:04:34 [INFO] Файл с базой клиентов: info.txt
2024-12-13 01:04:34 [INFO] Файл с журналом работы: l.log
2024-12-13 01:04:34 [INFO] Порт: 33333
2024-12-13 01:04:34 [INFO] Запуск сервера на порту 33333
2024-12-13 01:04:47 [INFO] Файл с базой клиентов: info.txt
2024-12-13 01:04:47 [INFO] Файл с журналом работы: l.log
2024-12-13 01:04:47 [INFO] Порт: 33333
2024-12-13 01:04:47 [WARNING] Обнаружена пара с пустым логином или паролем в строчке: 2:
2024-12-13 01:04:47 [INFO] Запуск сервера на порту 33333
2024-12-13 01:05:27 [INFO] Файл с базой клиентов: info.txt
2024-12-13 01:05:27 [INFO] Файл с журналом работы: l.log
2024-12-13 01:05:27 [INFO] Порт: 33333
2024-12-13 01:05:27 [WARNING] Обнаружена пара с пустым логином или паролем в строчке: 2:
2024-12-13 01:05:27 [INFO] Запуск сервера на порту 33333
2024-12-13 01:06:02 [INFO] Новое подключение от 127.0.0.1
2024-12-13 01:06:02 [INFO] Клиент прислал логин: user
2024-12-13 01:06:02 [INFO] Клиенту отправлена соль: 4070AED42D486AB4
2024-12-13 01:06:02 [INFO] Хэш от клиента: 4EE92C5A4A944ACF66FB88D2DF92C13356603E06C59A9FB8D5F9FE86
2024-12-13 01:06:02 [INFO] Сервер сгенерировал хэш: 4EE92C5A4A944ACF66FB88D2DF92C13356603E06C59A9FB8D5F9FE86
2024-12-13 01:06:02 [INFO] Cравниваю хэши (Сервер == клиент): 4EE92C5A4A944ACF66FB88D2DF92C13356603E06C59A9FB8D5F9FE86 == 4EE92C5A4A944ACF66FB88D2DF92C13356603E06C59A9FB8D5F9FE86
2024-12-13 01:06:02 [INFO] Клиент прошел аутентификацию
2024-12-13 01:06:02 [INFO] Начинаю обработку векторов
2024-12-13 01:06:02 [INFO] От клиента пришло 4 векторов
2024-12-13 01:06:02 [INFO] Результат обработки вектора 0: 2147483647
2024-12-13 01:06:02 [INFO] Отправил клиенту результаты вычислений
2024-12-13 01:06:02 [INFO] Результат обработки вектора 1: 0
2024-12-13 01:06:02 [INFO] Отправил клиенту результаты вычислений
2024-12-13 01:06:02 [ERROR] Ошибка получения данных: количество полученных байт не совпадает с ожидаемым
2024-12-13 01:06:10 [INFO] Новое подключение от 127.0.0.1
2024-12-13 01:06:10 [INFO] Клиент прислал логин: user
2024-12-13 01:06:10 [INFO] Клиенту отправлена соль: 26B3AA25E0D2872B
2024-12-13 01:06:10 [INFO] Хэш от клиента: BDC3D9DE4F04542597329EB26E2A6A90BDB9E79DACAFDB3E6ECA031B9E2C2D9F
2024-12-13 01:06:10 [INFO] Сервер сгенерировал хэш: 80BB0D2F598D5242790C432F86DD3A727FDB80A73B2321C01F20DBFF
2024-12-13 01:06:10 [INFO] Cравниваю хэши (Сервер == клиент): 80BB0D2F598D5242790C432F86DD3A727FDB80A73B2321C01F20DBFF == BDC3D9DE4F04542597329EB26E2A6A90BDB9E79DACAFDB3E6ECA031B9E2C2D9F
2024-12-13 01:06:10 [ERROR] Клиент не прошел аутентификацию
