\BOOKMARK [0][-]{chapter.1}{\376\377\0001\000\040\000M\000a\000t\000h\000\137\000s\000e\000r\000v\000e\000r\000\137\000s\000u\000m\000O\000f\000S\000q\000u\000a\000r\000e\000s}{}% 1
\BOOKMARK [0][-]{chapter.2}{\376\377\0002\000\040\004\030\004\065\004\100\004\060\004\100\004\105\004\070\004\107\004\065\004\101\004\072\004\070\004\071\000\040\004\101\004\077\004\070\004\101\004\076\004\072\000\040\004\072\004\073\004\060\004\101\004\101\004\076\004\062}{}% 2
\BOOKMARK [1][-]{section.2.1}{\376\377\0002\000.\0001\000\040\004\030\004\065\004\100\004\060\004\100\004\105\004\070\004\117\000\040\004\072\004\073\004\060\004\101\004\101\004\076\004\062}{chapter.2}% 3
\BOOKMARK [0][-]{chapter.3}{\376\377\0003\000\040\004\020\004\073\004\104\004\060\004\062\004\070\004\102\004\075\004\113\004\071\000\040\004\103\004\072\004\060\004\067\004\060\004\102\004\065\004\073\004\114\000\040\004\072\004\073\004\060\004\101\004\101\004\076\004\062}{}% 4
\BOOKMARK [1][-]{section.3.1}{\376\377\0003\000.\0001\000\040\004\032\004\073\004\060\004\101\004\101\004\113}{chapter.3}% 5
\BOOKMARK [0][-]{chapter.4}{\376\377\0004\000\040\004\041\004\077\004\070\004\101\004\076\004\072\000\040\004\104\004\060\004\071\004\073\004\076\004\062}{}% 6
\BOOKMARK [1][-]{section.4.1}{\376\377\0004\000.\0001\000\040\004\044\004\060\004\071\004\073\004\113}{chapter.4}% 7
\BOOKMARK [0][-]{chapter.5}{\376\377\0005\000\040\004\032\004\073\004\060\004\101\004\101\004\113}{}% 8
\BOOKMARK [1][-]{section.5.1}{\376\377\0005\000.\0001\000\040\004\032\004\073\004\060\004\101\004\101\000\040\000A\000u\000t\000h\000e\000n\000t\000i\000c\000a\000t\000o\000r}{chapter.5}% 9
\BOOKMARK [2][-]{subsection.5.1.1}{\376\377\0005\000.\0001\000.\0001\000\040\004\037\004\076\004\064\004\100\004\076\004\061\004\075\004\076\004\065\000\040\004\076\004\077\004\070\004\101\004\060\004\075\004\070\004\065}{section.5.1}% 10
\BOOKMARK [2][-]{subsection.5.1.2}{\376\377\0005\000.\0001\000.\0002\000\040\004\032\004\076\004\075\004\101\004\102\004\100\004\103\004\072\004\102\004\076\004\100\000\050\004\113\000\051}{section.5.1}% 11
\BOOKMARK [3][-]{subsubsection.5.1.2.1}{\376\377\0005\000.\0001\000.\0002\000.\0001\000\040\000A\000u\000t\000h\000e\000n\000t\000i\000c\000a\000t\000o\000r\000\050\000\051}{subsection.5.1.2}% 12
\BOOKMARK [2][-]{subsection.5.1.3}{\376\377\0005\000.\0001\000.\0003\000\040\004\034\004\065\004\102\004\076\004\064\004\113}{section.5.1}% 13
\BOOKMARK [3][-]{subsubsection.5.1.3.1}{\376\377\0005\000.\0001\000.\0003\000.\0001\000\040\000c\000o\000m\000p\000a\000r\000e\000H\000a\000s\000h\000e\000s\000\050\000\051}{subsection.5.1.3}% 14
\BOOKMARK [3][-]{subsubsection.5.1.3.2}{\376\377\0005\000.\0001\000.\0003\000.\0002\000\040\000g\000e\000n\000e\000r\000a\000t\000e\000S\000a\000l\000t\000\050\000\051}{subsection.5.1.3}% 15
\BOOKMARK [3][-]{subsubsection.5.1.3.3}{\376\377\0005\000.\0001\000.\0003\000.\0003\000\040\000h\000a\000s\000h\000P\000a\000s\000s\000w\000o\000r\000d\000\050\000\051}{subsection.5.1.3}% 16
\BOOKMARK [3][-]{subsubsection.5.1.3.4}{\376\377\0005\000.\0001\000.\0003\000.\0004\000\040\000i\000s\000L\000o\000g\000i\000n\000E\000x\000i\000s\000t\000s\000\050\000\051}{subsection.5.1.3}% 17
\BOOKMARK [3][-]{subsubsection.5.1.3.5}{\376\377\0005\000.\0001\000.\0003\000.\0005\000\040\000v\000e\000r\000i\000f\000y\000P\000a\000s\000s\000w\000o\000r\000d\000\050\000\051}{subsection.5.1.3}% 18
\BOOKMARK [2][-]{subsection.5.1.4}{\376\377\0005\000.\0001\000.\0004\000\040\004\024\004\060\004\075\004\075\004\113\004\065\000\040\004\072\004\073\004\060\004\101\004\101\004\060}{section.5.1}% 19
\BOOKMARK [3][-]{subsubsection.5.1.4.1}{\376\377\0005\000.\0001\000.\0004\000.\0001\000\040\000d\000b}{subsection.5.1.4}% 20
\BOOKMARK [3][-]{subsubsection.5.1.4.2}{\376\377\0005\000.\0001\000.\0004\000.\0002\000\040\000l\000o\000g\000g\000e\000r}{subsection.5.1.4}% 21
\BOOKMARK [1][-]{section.5.2}{\376\377\0005\000.\0002\000\040\004\032\004\073\004\060\004\101\004\101\000\040\000C\000l\000i\000e\000n\000t\000D\000a\000t\000a\000B\000a\000s\000e}{chapter.5}% 22
\BOOKMARK [2][-]{subsection.5.2.1}{\376\377\0005\000.\0002\000.\0001\000\040\004\037\004\076\004\064\004\100\004\076\004\061\004\075\004\076\004\065\000\040\004\076\004\077\004\070\004\101\004\060\004\075\004\070\004\065}{section.5.2}% 23
\BOOKMARK [2][-]{subsection.5.2.2}{\376\377\0005\000.\0002\000.\0002\000\040\004\032\004\076\004\075\004\101\004\102\004\100\004\103\004\072\004\102\004\076\004\100\000\050\004\113\000\051}{section.5.2}% 24
\BOOKMARK [3][-]{subsubsection.5.2.2.1}{\376\377\0005\000.\0002\000.\0002\000.\0001\000\040\000C\000l\000i\000e\000n\000t\000D\000a\000t\000a\000B\000a\000s\000e\000\050\000\051}{subsection.5.2.2}% 25
\BOOKMARK [2][-]{subsection.5.2.3}{\376\377\0005\000.\0002\000.\0003\000\040\004\034\004\065\004\102\004\076\004\064\004\113}{section.5.2}% 26
\BOOKMARK [3][-]{subsubsection.5.2.3.1}{\376\377\0005\000.\0002\000.\0003\000.\0001\000\040\000i\000s\000L\000o\000g\000i\000n\000E\000x\000i\000s\000t\000s\000\050\000\051}{subsection.5.2.3}% 27
\BOOKMARK [3][-]{subsubsection.5.2.3.2}{\376\377\0005\000.\0002\000.\0003\000.\0002\000\040\000l\000o\000a\000d\000D\000a\000t\000a\000b\000a\000s\000e\000\050\000\051}{subsection.5.2.3}% 28
\BOOKMARK [3][-]{subsubsection.5.2.3.3}{\376\377\0005\000.\0002\000.\0003\000.\0003\000\040\000o\000p\000e\000r\000a\000t\000o\000r\000[\000]\000\050\000\051\000\040\000[\0001\000/\0002\000]}{subsection.5.2.3}% 29
\BOOKMARK [3][-]{subsubsection.5.2.3.4}{\376\377\0005\000.\0002\000.\0003\000.\0004\000\040\000o\000p\000e\000r\000a\000t\000o\000r\000[\000]\000\050\000\051\000\040\000[\0002\000/\0002\000]}{subsection.5.2.3}% 30
\BOOKMARK [2][-]{subsection.5.2.4}{\376\377\0005\000.\0002\000.\0004\000\040\004\024\004\060\004\075\004\075\004\113\004\065\000\040\004\072\004\073\004\060\004\101\004\101\004\060}{section.5.2}% 31
\BOOKMARK [3][-]{subsubsection.5.2.4.1}{\376\377\0005\000.\0002\000.\0004\000.\0001\000\040\000d\000a\000t\000a\000b\000a\000s\000e}{subsection.5.2.4}% 32
\BOOKMARK [1][-]{section.5.3}{\376\377\0005\000.\0003\000\040\004\032\004\073\004\060\004\101\004\101\000\040\000C\000o\000m\000m\000u\000n\000i\000c\000a\000t\000o\000r}{chapter.5}% 33
\BOOKMARK [2][-]{subsection.5.3.1}{\376\377\0005\000.\0003\000.\0001\000\040\004\037\004\076\004\064\004\100\004\076\004\061\004\075\004\076\004\065\000\040\004\076\004\077\004\070\004\101\004\060\004\075\004\070\004\065}{section.5.3}% 34
\BOOKMARK [2][-]{subsection.5.3.2}{\376\377\0005\000.\0003\000.\0002\000\040\004\032\004\076\004\075\004\101\004\102\004\100\004\103\004\072\004\102\004\076\004\100\000\050\004\113\000\051}{section.5.3}% 35
\BOOKMARK [3][-]{subsubsection.5.3.2.1}{\376\377\0005\000.\0003\000.\0002\000.\0001\000\040\000C\000o\000m\000m\000u\000n\000i\000c\000a\000t\000o\000r\000\050\000\051}{subsection.5.3.2}% 36
\BOOKMARK [3][-]{subsubsection.5.3.2.2}{\376\377\0005\000.\0003\000.\0002\000.\0002\000\040\000\040\000C\000o\000m\000m\000u\000n\000i\000c\000a\000t\000o\000r\000\050\000\051}{subsection.5.3.2}% 37
\BOOKMARK [2][-]{subsection.5.3.3}{\376\377\0005\000.\0003\000.\0003\000\040\004\034\004\065\004\102\004\076\004\064\004\113}{section.5.3}% 38
\BOOKMARK [3][-]{subsubsection.5.3.3.1}{\376\377\0005\000.\0003\000.\0003\000.\0001\000\040\000h\000a\000n\000d\000l\000e\000C\000l\000i\000e\000n\000t\000\050\000\051}{subsection.5.3.3}% 39
\BOOKMARK [3][-]{subsubsection.5.3.3.2}{\376\377\0005\000.\0003\000.\0003\000.\0002\000\040\000p\000r\000o\000c\000e\000s\000s\000V\000e\000c\000t\000o\000r\000s\000\050\000\051}{subsection.5.3.3}% 40
\BOOKMARK [3][-]{subsubsection.5.3.3.3}{\376\377\0005\000.\0003\000.\0003\000.\0003\000\040\000s\000e\000n\000d\000R\000e\000s\000p\000o\000n\000s\000e\000\050\000\051}{subsection.5.3.3}% 41
\BOOKMARK [3][-]{subsubsection.5.3.3.4}{\376\377\0005\000.\0003\000.\0003\000.\0004\000\040\000s\000e\000n\000d\000R\000e\000s\000u\000l\000t\000T\000o\000C\000l\000i\000e\000n\000t\000\050\000\051}{subsection.5.3.3}% 42
\BOOKMARK [2][-]{subsection.5.3.4}{\376\377\0005\000.\0003\000.\0004\000\040\004\024\004\060\004\075\004\075\004\113\004\065\000\040\004\072\004\073\004\060\004\101\004\101\004\060}{section.5.3}% 43
\BOOKMARK [3][-]{subsubsection.5.3.4.1}{\376\377\0005\000.\0003\000.\0004\000.\0001\000\040\000c\000l\000i\000e\000n\000t\000\137\000s\000o\000c\000k\000e\000t}{subsection.5.3.4}% 44
\BOOKMARK [3][-]{subsubsection.5.3.4.2}{\376\377\0005\000.\0003\000.\0004\000.\0002\000\040\000d\000a\000t\000a\000F\000i\000l\000e}{subsection.5.3.4}% 45
\BOOKMARK [3][-]{subsubsection.5.3.4.3}{\376\377\0005\000.\0003\000.\0004\000.\0003\000\040\000l\000o\000g\000g\000e\000r}{subsection.5.3.4}% 46
\BOOKMARK [1][-]{section.5.4}{\376\377\0005\000.\0004\000\040\004\032\004\073\004\060\004\101\004\101\000\040\000C\000o\000m\000m\000u\000n\000i\000c\000a\000t\000o\000r\000E\000x\000c\000e\000p\000t\000i\000o\000n}{chapter.5}% 47
\BOOKMARK [2][-]{subsection.5.4.1}{\376\377\0005\000.\0004\000.\0001\000\040\004\037\004\076\004\064\004\100\004\076\004\061\004\075\004\076\004\065\000\040\004\076\004\077\004\070\004\101\004\060\004\075\004\070\004\065}{section.5.4}% 48
\BOOKMARK [2][-]{subsection.5.4.2}{\376\377\0005\000.\0004\000.\0002\000\040\004\032\004\076\004\075\004\101\004\102\004\100\004\103\004\072\004\102\004\076\004\100\000\050\004\113\000\051}{section.5.4}% 49
\BOOKMARK [3][-]{subsubsection.5.4.2.1}{\376\377\0005\000.\0004\000.\0002\000.\0001\000\040\000C\000o\000m\000m\000u\000n\000i\000c\000a\000t\000o\000r\000E\000x\000c\000e\000p\000t\000i\000o\000n\000\050\000\051}{subsection.5.4.2}% 50
\BOOKMARK [1][-]{section.5.5}{\376\377\0005\000.\0005\000\040\004\032\004\073\004\060\004\101\004\101\000\040\000D\000a\000t\000a\000b\000a\000s\000e\000E\000x\000c\000e\000p\000t\000i\000o\000n}{chapter.5}% 51
\BOOKMARK [2][-]{subsection.5.5.1}{\376\377\0005\000.\0005\000.\0001\000\040\004\037\004\076\004\064\004\100\004\076\004\061\004\075\004\076\004\065\000\040\004\076\004\077\004\070\004\101\004\060\004\075\004\070\004\065}{section.5.5}% 52
\BOOKMARK [2][-]{subsection.5.5.2}{\376\377\0005\000.\0005\000.\0002\000\040\004\032\004\076\004\075\004\101\004\102\004\100\004\103\004\072\004\102\004\076\004\100\000\050\004\113\000\051}{section.5.5}% 53
\BOOKMARK [3][-]{subsubsection.5.5.2.1}{\376\377\0005\000.\0005\000.\0002\000.\0001\000\040\000D\000a\000t\000a\000b\000a\000s\000e\000E\000x\000c\000e\000p\000t\000i\000o\000n\000\050\000\051\000\040\000[\0001\000/\0002\000]}{subsection.5.5.2}% 54
\BOOKMARK [3][-]{subsubsection.5.5.2.2}{\376\377\0005\000.\0005\000.\0002\000.\0002\000\040\000D\000a\000t\000a\000b\000a\000s\000e\000E\000x\000c\000e\000p\000t\000i\000o\000n\000\050\000\051\000\040\000[\0002\000/\0002\000]}{subsection.5.5.2}% 55
\BOOKMARK [1][-]{section.5.6}{\376\377\0005\000.\0006\000\040\004\032\004\073\004\060\004\101\004\101\000\040\000H\000a\000n\000d\000l\000e\000r\000V\000e\000c\000t\000o\000r}{chapter.5}% 56
\BOOKMARK [2][-]{subsection.5.6.1}{\376\377\0005\000.\0006\000.\0001\000\040\004\037\004\076\004\064\004\100\004\076\004\061\004\075\004\076\004\065\000\040\004\076\004\077\004\070\004\101\004\060\004\075\004\070\004\065}{section.5.6}% 57
\BOOKMARK [2][-]{subsection.5.6.2}{\376\377\0005\000.\0006\000.\0002\000\040\004\034\004\065\004\102\004\076\004\064\004\113}{section.5.6}% 58
\BOOKMARK [3][-]{subsubsection.5.6.2.1}{\376\377\0005\000.\0006\000.\0002\000.\0001\000\040\000p\000r\000o\000c\000e\000s\000s\000V\000e\000c\000t\000o\000r\000\050\000\051}{subsection.5.6.2}% 59
\BOOKMARK [1][-]{section.5.7}{\376\377\0005\000.\0007\000\040\004\032\004\073\004\060\004\101\004\101\000\040\000I\000n\000t\000e\000r\000f\000a\000c\000e}{chapter.5}% 60
\BOOKMARK [2][-]{subsection.5.7.1}{\376\377\0005\000.\0007\000.\0001\000\040\004\037\004\076\004\064\004\100\004\076\004\061\004\075\004\076\004\065\000\040\004\076\004\077\004\070\004\101\004\060\004\075\004\070\004\065}{section.5.7}% 61
\BOOKMARK [2][-]{subsection.5.7.2}{\376\377\0005\000.\0007\000.\0002\000\040\004\032\004\076\004\075\004\101\004\102\004\100\004\103\004\072\004\102\004\076\004\100\000\050\004\113\000\051}{section.5.7}% 62
\BOOKMARK [3][-]{subsubsection.5.7.2.1}{\376\377\0005\000.\0007\000.\0002\000.\0001\000\040\000I\000n\000t\000e\000r\000f\000a\000c\000e\000\050\000\051}{subsection.5.7.2}% 63
\BOOKMARK [2][-]{subsection.5.7.3}{\376\377\0005\000.\0007\000.\0003\000\040\004\034\004\065\004\102\004\076\004\064\004\113}{section.5.7}% 64
\BOOKMARK [3][-]{subsubsection.5.7.3.1}{\376\377\0005\000.\0007\000.\0003\000.\0001\000\040\000g\000e\000t\000C\000l\000i\000e\000n\000t\000D\000a\000t\000a\000F\000i\000l\000e\000\050\000\051}{subsection.5.7.3}% 65
\BOOKMARK [3][-]{subsubsection.5.7.3.2}{\376\377\0005\000.\0007\000.\0003\000.\0002\000\040\000g\000e\000t\000D\000e\000s\000c\000r\000i\000p\000t\000i\000o\000n\000\050\000\051}{subsection.5.7.3}% 66
\BOOKMARK [3][-]{subsubsection.5.7.3.3}{\376\377\0005\000.\0007\000.\0003\000.\0003\000\040\000g\000e\000t\000L\000o\000g\000g\000e\000r\000\050\000\051}{subsection.5.7.3}% 67
\BOOKMARK [3][-]{subsubsection.5.7.3.4}{\376\377\0005\000.\0007\000.\0003\000.\0004\000\040\000g\000e\000t\000P\000a\000r\000a\000m\000s\000\050\000\051}{subsection.5.7.3}% 68
\BOOKMARK [3][-]{subsubsection.5.7.3.5}{\376\377\0005\000.\0007\000.\0003\000.\0005\000\040\000g\000e\000t\000P\000o\000r\000t\000\050\000\051}{subsection.5.7.3}% 69
\BOOKMARK [3][-]{subsubsection.5.7.3.6}{\376\377\0005\000.\0007\000.\0003\000.\0006\000\040\000P\000a\000r\000s\000e\000r\000\050\000\051}{subsection.5.7.3}% 70
\BOOKMARK [3][-]{subsubsection.5.7.3.7}{\376\377\0005\000.\0007\000.\0003\000.\0007\000\040\000p\000r\000o\000c\000e\000s\000s\000C\000o\000m\000m\000a\000n\000d\000s\000\050\000\051}{subsection.5.7.3}% 71
\BOOKMARK [2][-]{subsection.5.7.4}{\376\377\0005\000.\0007\000.\0004\000\040\004\024\004\060\004\075\004\075\004\113\004\065\000\040\004\072\004\073\004\060\004\101\004\101\004\060}{section.5.7}% 72
\BOOKMARK [3][-]{subsubsection.5.7.4.1}{\376\377\0005\000.\0007\000.\0004\000.\0001\000\040\000d\000e\000s\000c}{subsection.5.7.4}% 73
\BOOKMARK [3][-]{subsubsection.5.7.4.2}{\376\377\0005\000.\0007\000.\0004\000.\0002\000\040\000l\000o\000g\000g\000e\000r}{subsection.5.7.4}% 74
\BOOKMARK [3][-]{subsubsection.5.7.4.3}{\376\377\0005\000.\0007\000.\0004\000.\0003\000\040\000p\000a\000r\000a\000m\000s}{subsection.5.7.4}% 75
\BOOKMARK [3][-]{subsubsection.5.7.4.4}{\376\377\0005\000.\0007\000.\0004\000.\0004\000\040\000v\000m}{subsection.5.7.4}% 76
\BOOKMARK [1][-]{section.5.8}{\376\377\0005\000.\0008\000\040\004\032\004\073\004\060\004\101\004\101\000\040\000L\000o\000g\000g\000e\000r}{chapter.5}% 77
\BOOKMARK [2][-]{subsection.5.8.1}{\376\377\0005\000.\0008\000.\0001\000\040\004\037\004\076\004\064\004\100\004\076\004\061\004\075\004\076\004\065\000\040\004\076\004\077\004\070\004\101\004\060\004\075\004\070\004\065}{section.5.8}% 78
\BOOKMARK [2][-]{subsection.5.8.2}{\376\377\0005\000.\0008\000.\0002\000\040\004\032\004\076\004\075\004\101\004\102\004\100\004\103\004\072\004\102\004\076\004\100\000\050\004\113\000\051}{section.5.8}% 79
\BOOKMARK [3][-]{subsubsection.5.8.2.1}{\376\377\0005\000.\0008\000.\0002\000.\0001\000\040\000L\000o\000g\000g\000e\000r\000\050\000\051}{subsection.5.8.2}% 80
\BOOKMARK [3][-]{subsubsection.5.8.2.2}{\376\377\0005\000.\0008\000.\0002\000.\0002\000\040\000\040\000L\000o\000g\000g\000e\000r\000\050\000\051}{subsection.5.8.2}% 81
\BOOKMARK [2][-]{subsection.5.8.3}{\376\377\0005\000.\0008\000.\0003\000\040\004\034\004\065\004\102\004\076\004\064\004\113}{section.5.8}% 82
\BOOKMARK [3][-]{subsubsection.5.8.3.1}{\376\377\0005\000.\0008\000.\0003\000.\0001\000\040\000c\000l\000o\000s\000e\000\050\000\051}{subsection.5.8.3}% 83
\BOOKMARK [3][-]{subsubsection.5.8.3.2}{\376\377\0005\000.\0008\000.\0003\000.\0002\000\040\000c\000u\000r\000r\000e\000n\000t\000D\000a\000t\000e\000T\000i\000m\000e\000\050\000\051}{subsection.5.8.3}% 84
\BOOKMARK [3][-]{subsubsection.5.8.3.3}{\376\377\0005\000.\0008\000.\0003\000.\0003\000\040\000G\000e\000t\000I\000s\000O\000p\000e\000n\000\050\000\051}{subsection.5.8.3}% 85
\BOOKMARK [3][-]{subsubsection.5.8.3.4}{\376\377\0005\000.\0008\000.\0003\000.\0004\000\040\000g\000e\000t\000L\000o\000g\000F\000i\000l\000e\000\050\000\051}{subsection.5.8.3}% 86
\BOOKMARK [3][-]{subsubsection.5.8.3.5}{\376\377\0005\000.\0008\000.\0003\000.\0005\000\040\000h\000a\000n\000d\000l\000e\000E\000r\000r\000o\000r\000\050\000\051}{subsection.5.8.3}% 87
\BOOKMARK [3][-]{subsubsection.5.8.3.6}{\376\377\0005\000.\0008\000.\0003\000.\0006\000\040\000l\000o\000g\000\050\000\051}{subsection.5.8.3}% 88
\BOOKMARK [3][-]{subsubsection.5.8.3.7}{\376\377\0005\000.\0008\000.\0003\000.\0007\000\040\000l\000o\000g\000L\000e\000v\000e\000l\000T\000o\000S\000t\000r\000i\000n\000g\000\050\000\051}{subsection.5.8.3}% 89
\BOOKMARK [3][-]{subsubsection.5.8.3.8}{\376\377\0005\000.\0008\000.\0003\000.\0008\000\040\000o\000p\000e\000n\000\050\000\051}{subsection.5.8.3}% 90
\BOOKMARK [3][-]{subsubsection.5.8.3.9}{\376\377\0005\000.\0008\000.\0003\000.\0009\000\040\000s\000e\000t\000L\000o\000g\000F\000i\000l\000e\000\050\000\051}{subsection.5.8.3}% 91
\BOOKMARK [2][-]{subsection.5.8.4}{\376\377\0005\000.\0008\000.\0004\000\040\004\024\004\060\004\075\004\075\004\113\004\065\000\040\004\072\004\073\004\060\004\101\004\101\004\060}{section.5.8}% 92
\BOOKMARK [3][-]{subsubsection.5.8.4.1}{\376\377\0005\000.\0008\000.\0004\000.\0001\000\040\000f\000i\000l\000e\000n\000a\000m\000e}{subsection.5.8.4}% 93
\BOOKMARK [3][-]{subsubsection.5.8.4.2}{\376\377\0005\000.\0008\000.\0004\000.\0002\000\040\000i\000s\000\137\000o\000p\000e\000n}{subsection.5.8.4}% 94
\BOOKMARK [3][-]{subsubsection.5.8.4.3}{\376\377\0005\000.\0008\000.\0004\000.\0003\000\040\000l\000o\000g\000\137\000f\000i\000l\000e}{subsection.5.8.4}% 95
\BOOKMARK [3][-]{subsubsection.5.8.4.4}{\376\377\0005\000.\0008\000.\0004\000.\0004\000\040\000m\000u\000t\000e\000x\000\137}{subsection.5.8.4}% 96
\BOOKMARK [1][-]{section.5.9}{\376\377\0005\000.\0009\000\040\004\041\004\102\004\100\004\103\004\072\004\102\004\103\004\100\004\060\000\040\000P\000a\000r\000a\000m\000s}{chapter.5}% 97
\BOOKMARK [2][-]{subsection.5.9.1}{\376\377\0005\000.\0009\000.\0001\000\040\004\037\004\076\004\064\004\100\004\076\004\061\004\075\004\076\004\065\000\040\004\076\004\077\004\070\004\101\004\060\004\075\004\070\004\065}{section.5.9}% 98
\BOOKMARK [2][-]{subsection.5.9.2}{\376\377\0005\000.\0009\000.\0002\000\040\004\024\004\060\004\075\004\075\004\113\004\065\000\040\004\072\004\073\004\060\004\101\004\101\004\060}{section.5.9}% 99
\BOOKMARK [3][-]{subsubsection.5.9.2.1}{\376\377\0005\000.\0009\000.\0002\000.\0001\000\040\000d\000a\000t\000a\000F\000i\000l\000e\000N\000a\000m\000e}{subsection.5.9.2}% 100
\BOOKMARK [3][-]{subsubsection.5.9.2.2}{\376\377\0005\000.\0009\000.\0002\000.\0002\000\040\000l\000o\000g\000F\000i\000l\000e\000N\000a\000m\000e}{subsection.5.9.2}% 101
\BOOKMARK [3][-]{subsubsection.5.9.2.3}{\376\377\0005\000.\0009\000.\0002\000.\0003\000\040\000p\000o\000r\000t}{subsection.5.9.2}% 102
\BOOKMARK [1][-]{section.5.10}{\376\377\0005\000.\0001\0000\000\040\004\032\004\073\004\060\004\101\004\101\000\040\000S\000e\000r\000v\000e\000r}{chapter.5}% 103
\BOOKMARK [2][-]{subsection.5.10.1}{\376\377\0005\000.\0001\0000\000.\0001\000\040\004\037\004\076\004\064\004\100\004\076\004\061\004\075\004\076\004\065\000\040\004\076\004\077\004\070\004\101\004\060\004\075\004\070\004\065}{section.5.10}% 104
\BOOKMARK [2][-]{subsection.5.10.2}{\376\377\0005\000.\0001\0000\000.\0002\000\040\004\032\004\076\004\075\004\101\004\102\004\100\004\103\004\072\004\102\004\076\004\100\000\050\004\113\000\051}{section.5.10}% 105
\BOOKMARK [3][-]{subsubsection.5.10.2.1}{\376\377\0005\000.\0001\0000\000.\0002\000.\0001\000\040\000S\000e\000r\000v\000e\000r\000\050\000\051\000\040\000[\0001\000/\0002\000]}{subsection.5.10.2}% 106
\BOOKMARK [3][-]{subsubsection.5.10.2.2}{\376\377\0005\000.\0001\0000\000.\0002\000.\0002\000\040\000S\000e\000r\000v\000e\000r\000\050\000\051\000\040\000[\0002\000/\0002\000]}{subsection.5.10.2}% 107
\BOOKMARK [3][-]{subsubsection.5.10.2.3}{\376\377\0005\000.\0001\0000\000.\0002\000.\0003\000\040\000\040\000S\000e\000r\000v\000e\000r\000\050\000\051}{subsection.5.10.2}% 108
\BOOKMARK [2][-]{subsection.5.10.3}{\376\377\0005\000.\0001\0000\000.\0003\000\040\004\034\004\065\004\102\004\076\004\064\004\113}{section.5.10}% 109
\BOOKMARK [3][-]{subsubsection.5.10.3.1}{\376\377\0005\000.\0001\0000\000.\0003\000.\0001\000\040\000h\000a\000n\000d\000l\000e\000C\000l\000i\000e\000n\000t\000\050\000\051}{subsection.5.10.3}% 110
\BOOKMARK [3][-]{subsubsection.5.10.3.2}{\376\377\0005\000.\0001\0000\000.\0003\000.\0002\000\040\000l\000i\000s\000t\000e\000n\000\137\000s\000o\000c\000k\000e\000t\000\050\000\051}{subsection.5.10.3}% 111
\BOOKMARK [3][-]{subsubsection.5.10.3.3}{\376\377\0005\000.\0001\0000\000.\0003\000.\0003\000\040\000s\000t\000a\000r\000t\000\050\000\051}{subsection.5.10.3}% 112
\BOOKMARK [2][-]{subsection.5.10.4}{\376\377\0005\000.\0001\0000\000.\0004\000\040\004\024\004\060\004\075\004\075\004\113\004\065\000\040\004\072\004\073\004\060\004\101\004\101\004\060}{section.5.10}% 113
\BOOKMARK [3][-]{subsubsection.5.10.4.1}{\376\377\0005\000.\0001\0000\000.\0004\000.\0001\000\040\000d\000a\000t\000a}{subsection.5.10.4}% 114
\BOOKMARK [3][-]{subsubsection.5.10.4.2}{\376\377\0005\000.\0001\0000\000.\0004\000.\0002\000\040\000l\000o\000g\000g\000e\000r}{subsection.5.10.4}% 115
\BOOKMARK [3][-]{subsubsection.5.10.4.3}{\376\377\0005\000.\0001\0000\000.\0004\000.\0003\000\040\000p\000o\000r\000t}{subsection.5.10.4}% 116
\BOOKMARK [3][-]{subsubsection.5.10.4.4}{\376\377\0005\000.\0001\0000\000.\0004\000.\0004\000\040\000s\000e\000r\000v\000e\000r\000\137\000s\000o\000c\000k\000e\000t}{subsection.5.10.4}% 117
\BOOKMARK [0][-]{chapter.6}{\376\377\0006\000\040\004\044\004\060\004\071\004\073\004\113}{}% 118
\BOOKMARK [1][-]{section.6.1}{\376\377\0006\000.\0001\000\040\004\044\004\060\004\071\004\073\000\040\000A\000u\000t\000h\000.\000c\000p\000p}{chapter.6}% 119
\BOOKMARK [2][-]{subsection.6.1.1}{\376\377\0006\000.\0001\000.\0001\000\040\004\037\004\076\004\064\004\100\004\076\004\061\004\075\004\076\004\065\000\040\004\076\004\077\004\070\004\101\004\060\004\075\004\070\004\065}{section.6.1}% 120
\BOOKMARK [1][-]{section.6.2}{\376\377\0006\000.\0002\000\040\004\044\004\060\004\071\004\073\000\040\000A\000u\000t\000h\000.\000h}{chapter.6}% 121
\BOOKMARK [2][-]{subsection.6.2.1}{\376\377\0006\000.\0002\000.\0001\000\040\004\037\004\076\004\064\004\100\004\076\004\061\004\075\004\076\004\065\000\040\004\076\004\077\004\070\004\101\004\060\004\075\004\070\004\065}{section.6.2}% 122
\BOOKMARK [1][-]{section.6.3}{\376\377\0006\000.\0003\000\040\000A\000u\000t\000h\000.\000h}{chapter.6}% 123
\BOOKMARK [1][-]{section.6.4}{\376\377\0006\000.\0004\000\040\004\044\004\060\004\071\004\073\000\040\000C\000l\000i\000e\000n\000t\000D\000a\000t\000a\000B\000a\000s\000e\000.\000c\000p\000p}{chapter.6}% 124
\BOOKMARK [2][-]{subsection.6.4.1}{\376\377\0006\000.\0004\000.\0001\000\040\004\037\004\076\004\064\004\100\004\076\004\061\004\075\004\076\004\065\000\040\004\076\004\077\004\070\004\101\004\060\004\075\004\070\004\065}{section.6.4}% 125
\BOOKMARK [1][-]{section.6.5}{\376\377\0006\000.\0005\000\040\004\044\004\060\004\071\004\073\000\040\000C\000l\000i\000e\000n\000t\000D\000a\000t\000a\000B\000a\000s\000e\000.\000h}{chapter.6}% 126
\BOOKMARK [2][-]{subsection.6.5.1}{\376\377\0006\000.\0005\000.\0001\000\040\004\037\004\076\004\064\004\100\004\076\004\061\004\075\004\076\004\065\000\040\004\076\004\077\004\070\004\101\004\060\004\075\004\070\004\065}{section.6.5}% 127
\BOOKMARK [1][-]{section.6.6}{\376\377\0006\000.\0006\000\040\000C\000l\000i\000e\000n\000t\000D\000a\000t\000a\000B\000a\000s\000e\000.\000h}{chapter.6}% 128
\BOOKMARK [1][-]{section.6.7}{\376\377\0006\000.\0007\000\040\004\044\004\060\004\071\004\073\000\040\000C\000o\000m\000m\000u\000n\000i\000c\000a\000t\000o\000r\000.\000c\000p\000p}{chapter.6}% 129
\BOOKMARK [2][-]{subsection.6.7.1}{\376\377\0006\000.\0007\000.\0001\000\040\004\037\004\076\004\064\004\100\004\076\004\061\004\075\004\076\004\065\000\040\004\076\004\077\004\070\004\101\004\060\004\075\004\070\004\065}{section.6.7}% 130
\BOOKMARK [1][-]{section.6.8}{\376\377\0006\000.\0008\000\040\004\044\004\060\004\071\004\073\000\040\000C\000o\000m\000m\000u\000n\000i\000c\000a\000t\000o\000r\000.\000h}{chapter.6}% 131
\BOOKMARK [2][-]{subsection.6.8.1}{\376\377\0006\000.\0008\000.\0001\000\040\004\037\004\076\004\064\004\100\004\076\004\061\004\075\004\076\004\065\000\040\004\076\004\077\004\070\004\101\004\060\004\075\004\070\004\065}{section.6.8}% 132
\BOOKMARK [1][-]{section.6.9}{\376\377\0006\000.\0009\000\040\000C\000o\000m\000m\000u\000n\000i\000c\000a\000t\000o\000r\000.\000h}{chapter.6}% 133
\BOOKMARK [1][-]{section.6.10}{\376\377\0006\000.\0001\0000\000\040\004\044\004\060\004\071\004\073\000\040\000E\000r\000r\000o\000r\000s\000.\000h}{chapter.6}% 134
\BOOKMARK [2][-]{subsection.6.10.1}{\376\377\0006\000.\0001\0000\000.\0001\000\040\004\037\004\076\004\064\004\100\004\076\004\061\004\075\004\076\004\065\000\040\004\076\004\077\004\070\004\101\004\060\004\075\004\070\004\065}{section.6.10}% 135
\BOOKMARK [1][-]{section.6.11}{\376\377\0006\000.\0001\0001\000\040\000E\000r\000r\000o\000r\000s\000.\000h}{chapter.6}% 136
\BOOKMARK [1][-]{section.6.12}{\376\377\0006\000.\0001\0002\000\040\004\044\004\060\004\071\004\073\000\040\000H\000a\000n\000d\000l\000e\000r\000V\000e\000c\000t\000o\000r\000.\000c\000p\000p}{chapter.6}% 137
\BOOKMARK [2][-]{subsection.6.12.1}{\376\377\0006\000.\0001\0002\000.\0001\000\040\004\037\004\076\004\064\004\100\004\076\004\061\004\075\004\076\004\065\000\040\004\076\004\077\004\070\004\101\004\060\004\075\004\070\004\065}{section.6.12}% 138
\BOOKMARK [1][-]{section.6.13}{\376\377\0006\000.\0001\0003\000\040\004\044\004\060\004\071\004\073\000\040\000H\000a\000n\000d\000l\000e\000r\000V\000e\000c\000t\000o\000r\000.\000h}{chapter.6}% 139
\BOOKMARK [2][-]{subsection.6.13.1}{\376\377\0006\000.\0001\0003\000.\0001\000\040\004\037\004\076\004\064\004\100\004\076\004\061\004\075\004\076\004\065\000\040\004\076\004\077\004\070\004\101\004\060\004\075\004\070\004\065}{section.6.13}% 140
\BOOKMARK [1][-]{section.6.14}{\376\377\0006\000.\0001\0004\000\040\000H\000a\000n\000d\000l\000e\000r\000V\000e\000c\000t\000o\000r\000.\000h}{chapter.6}% 141
\BOOKMARK [1][-]{section.6.15}{\376\377\0006\000.\0001\0005\000\040\004\044\004\060\004\071\004\073\000\040\000L\000o\000g\000g\000e\000r\000.\000c\000p\000p}{chapter.6}% 142
\BOOKMARK [2][-]{subsection.6.15.1}{\376\377\0006\000.\0001\0005\000.\0001\000\040\004\037\004\076\004\064\004\100\004\076\004\061\004\075\004\076\004\065\000\040\004\076\004\077\004\070\004\101\004\060\004\075\004\070\004\065}{section.6.15}% 143
\BOOKMARK [1][-]{section.6.16}{\376\377\0006\000.\0001\0006\000\040\004\044\004\060\004\071\004\073\000\040\000L\000o\000g\000g\000e\000r\000.\000h}{chapter.6}% 144
\BOOKMARK [2][-]{subsection.6.16.1}{\376\377\0006\000.\0001\0006\000.\0001\000\040\004\037\004\076\004\064\004\100\004\076\004\061\004\075\004\076\004\065\000\040\004\076\004\077\004\070\004\101\004\060\004\075\004\070\004\065}{section.6.16}% 145
\BOOKMARK [2][-]{subsection.6.16.2}{\376\377\0006\000.\0001\0006\000.\0002\000\040\004\037\004\065\004\100\004\065\004\107\004\070\004\101\004\073\004\065\004\075\004\070\004\117}{section.6.16}% 146
\BOOKMARK [3][-]{subsubsection.6.16.2.1}{\376\377\0006\000.\0001\0006\000.\0002\000.\0001\000\040\000L\000o\000g\000L\000e\000v\000e\000l}{subsection.6.16.2}% 147
\BOOKMARK [1][-]{section.6.17}{\376\377\0006\000.\0001\0007\000\040\000L\000o\000g\000g\000e\000r\000.\000h}{chapter.6}% 148
\BOOKMARK [1][-]{section.6.18}{\376\377\0006\000.\0001\0008\000\040\004\044\004\060\004\071\004\073\000\040\000m\000a\000i\000n\000.\000c\000p\000p}{chapter.6}% 149
\BOOKMARK [2][-]{subsection.6.18.1}{\376\377\0006\000.\0001\0008\000.\0001\000\040\004\044\004\103\004\075\004\072\004\106\004\070\004\070}{section.6.18}% 150
\BOOKMARK [3][-]{subsubsection.6.18.1.1}{\376\377\0006\000.\0001\0008\000.\0001\000.\0001\000\040\000m\000a\000i\000n\000\050\000\051}{subsection.6.18.1}% 151
\BOOKMARK [1][-]{section.6.19}{\376\377\0006\000.\0001\0009\000\040\004\044\004\060\004\071\004\073\000\040\000R\000E\000A\000D\000M\000E\000.\000m\000d}{chapter.6}% 152
\BOOKMARK [1][-]{section.6.20}{\376\377\0006\000.\0002\0000\000\040\004\044\004\060\004\071\004\073\000\040\000s\000e\000r\000v\000e\000r\000.\000c\000p\000p}{chapter.6}% 153
\BOOKMARK [2][-]{subsection.6.20.1}{\376\377\0006\000.\0002\0000\000.\0001\000\040\004\037\004\076\004\064\004\100\004\076\004\061\004\075\004\076\004\065\000\040\004\076\004\077\004\070\004\101\004\060\004\075\004\070\004\065}{section.6.20}% 154
\BOOKMARK [1][-]{section.6.21}{\376\377\0006\000.\0002\0001\000\040\004\044\004\060\004\071\004\073\000\040\000s\000e\000r\000v\000e\000r\000.\000h}{chapter.6}% 155
\BOOKMARK [2][-]{subsection.6.21.1}{\376\377\0006\000.\0002\0001\000.\0001\000\040\004\037\004\076\004\064\004\100\004\076\004\061\004\075\004\076\004\065\000\040\004\076\004\077\004\070\004\101\004\060\004\075\004\070\004\065}{section.6.21}% 156
\BOOKMARK [1][-]{section.6.22}{\376\377\0006\000.\0002\0002\000\040\000s\000e\000r\000v\000e\000r\000.\000h}{chapter.6}% 157
\BOOKMARK [1][-]{section.6.23}{\376\377\0006\000.\0002\0003\000\040\004\044\004\060\004\071\004\073\000\040\000S\000t\000a\000r\000t\000I\000n\000t\000e\000r\000f\000a\000c\000e\000.\000c\000p\000p}{chapter.6}% 158
\BOOKMARK [2][-]{subsection.6.23.1}{\376\377\0006\000.\0002\0003\000.\0001\000\040\004\037\004\076\004\064\004\100\004\076\004\061\004\075\004\076\004\065\000\040\004\076\004\077\004\070\004\101\004\060\004\075\004\070\004\065}{section.6.23}% 159
\BOOKMARK [1][-]{section.6.24}{\376\377\0006\000.\0002\0004\000\040\004\044\004\060\004\071\004\073\000\040\000S\000t\000a\000r\000t\000I\000n\000t\000e\000r\000f\000a\000c\000e\000.\000h}{chapter.6}% 160
\BOOKMARK [2][-]{subsection.6.24.1}{\376\377\0006\000.\0002\0004\000.\0001\000\040\004\037\004\076\004\064\004\100\004\076\004\061\004\075\004\076\004\065\000\040\004\076\004\077\004\070\004\101\004\060\004\075\004\070\004\065}{section.6.24}% 161
\BOOKMARK [1][-]{section.6.25}{\376\377\0006\000.\0002\0005\000\040\000S\000t\000a\000r\000t\000I\000n\000t\000e\000r\000f\000a\000c\000e\000.\000h}{chapter.6}% 162
\BOOKMARK [1][-]{section.6.26}{\376\377\0006\000.\0002\0006\000\040\004\044\004\060\004\071\004\073\000\040\000U\000n\000i\000t\000T\000e\000s\000t\000.\000c\000p\000p}{chapter.6}% 163
\BOOKMARK [2][-]{subsection.6.26.1}{\376\377\0006\000.\0002\0006\000.\0001\000\040\004\044\004\103\004\075\004\072\004\106\004\070\004\070}{section.6.26}% 164
\BOOKMARK [3][-]{subsubsection.6.26.1.1}{\376\377\0006\000.\0002\0006\000.\0001\000.\0001\000\040\000S\000U\000I\000T\000E\000\050\000\051}{subsection.6.26.1}% 165
\BOOKMARK [0][-]{section*.65}{\376\377\004\037\004\100\004\065\004\064\004\074\004\065\004\102\004\075\004\113\004\071\000\040\004\103\004\072\004\060\004\067\004\060\004\102\004\065\004\073\004\114}{}% 166
